<?xml version="1.0" encoding="UTF-8"?>
<!-- Generated by org.testng.reporters.JUnitReportReporter -->
<testsuite name="TestCases.LoginModule" tests="1" time="0.000" ignored="0" failures="0" timestamp="28 Apr 2017 04:25:20 GMT" skipped="1" hostname="Ishantk-DSG" errors="0">
  <testcase name="validLogin" time="0.000" classname="TestCases.LoginModule">
    <skipped/>
  </testcase> <!-- validLogin -->
</testsuite> <!-- TestCases.LoginModule -->
